Log file open, 04/03/18 10:18:15
LogInit:Display: Running engine for game: MyProject6
LogPlatformFile: Not using cached read wrapper
LogInit:Display: RandInit(450373167) SRandInit(450373168).
LogTaskGraph: Started task graph with 4 named threads and 7 total threads with 1 sets of task threads.
LogStats: Stats thread started at 0.078288
LogInit: Version: 4.12.3-3013449+++UE4+Release-4.12
LogInit: API Version: 2992821
LogInit: Net Version: 3013449
LogDevObjectVersion: Number of dev versions registered: 13
LogDevObjectVersion:   Dev-Blueprints (B0D832E4-1F89-4F0D-ACCF-7EB736FD4AA2): 3
LogDevObjectVersion:   Dev-Build (E1C64328-A22C-4D53-A36C-8E866417BD8C): 0
LogDevObjectVersion:   Dev-Core (375EC13C-06E4-48FB-B500-84F0262A717E): 1
LogDevObjectVersion:   Dev-Editor (E4B068ED-F494-42E9-A231-DA0B2E46BB41): 2
LogDevObjectVersion:   Dev-Framework (CFFC743F-43B0-4480-9391-14DF171D2073): 6
LogDevObjectVersion:   Dev-Mobile (B02B49B5-BB20-44E9-A304-32B752E40360): 0
LogDevObjectVersion:   Dev-Networking (A4E4105C-59A1-49B5-A7C5-40C4547EDFEE): 0
LogDevObjectVersion:   Dev-Online (39C831C9-5AE6-47DC-9A44-9C173E1C8E7C): 0
LogDevObjectVersion:   Dev-Physics (78F01B33-EBEA-4F98-B9B4-84EACCB95AA2): 0
LogDevObjectVersion:   Dev-Platform (6631380F-2D4D-43E0-8009-CF276956A95A): 0
LogDevObjectVersion:   Dev-Rendering (12F88B9F-8875-4AFC-A67C-D90C383ABD29): 2
LogDevObjectVersion:   Dev-Sequencer (7B5AE74C-D270-4C10-A958-57980B212A5A): 0
LogDevObjectVersion:   Dev-VR (D7296918-1DD6-4BDD-9DE2-64A83CC13884): 0
LogInit: Compiled (64-bit): Jun 14 2016 17:53:16
LogInit: Compiled with Visual C++: 19.00.23026.00
LogInit: Build Configuration: Development
LogInit: Branch Name: ++UE4+Release-4.12
LogInit: Command line:  
LogInit: Base directory: C:/Program Files (x86)/Epic Games/4.12/Engine/Binaries/Win64/
LogInit: Installed Engine Build: 1
LogInit: Using libcurl 7.41.0
LogInit:  - built for x86_64-pc-win32
LogInit:  - supports SSL with WinSSL
LogInit:  - other features:
LogInit:      CURL_VERSION_SSL
LogInit:      CURL_VERSION_IPV6
LogInit:      CURL_VERSION_ASYNCHDNS
LogInit:      CURL_VERSION_LARGEFILE
LogInit:      CURL_VERSION_IDN
LogInit:  CurlRequestOptions (configurable via config and command line):
LogInit:  - bVerifyPeer = true  - Libcurl will verify peer certificate
LogInit:  - bUseHttpProxy = false  - Libcurl will NOT use HTTP proxy
LogInit:  - bDontReuseConnections = false  - Libcurl will reuse connections
LogInit:  - CertBundlePath = nullptr  - Libcurl will use whatever was configured at build time.
LogInit: Presizing for max 8388607 objects, including 0 objects not considered by GC, pre-allocating 0 bytes for permanent pool.
LogInit: Object subsystem initialized
[2018.04.03-04.48.15:615][  0]LogInit: Selected Device Profile: [Windows]
[2018.04.03-04.48.15:615][  0]LogInit: Applying CVar settings loaded from the selected device profile: [Windows]
[2018.04.03-04.48.15:655][  0]LogInit: Computer: DESKTOP-C2I42L3
[2018.04.03-04.48.15:656][  0]LogInit: User: karanvenkatesh
[2018.04.03-04.48.15:656][  0]LogInit: CPU Page size=65536, Cores=4
[2018.04.03-04.48.15:656][  0]LogInit: High frequency timer resolution =3.914067 MHz
[2018.04.03-04.48.15:656][  0]LogMemory: Memory total: Physical=7.9GB (8GB approx)
[2018.04.03-04.48.15:656][  0]LogMemory: Platform Memory Stats for Windows
[2018.04.03-04.48.15:656][  0]LogMemory: Process Physical Memory: 190.87 MB used, 190.87 MB peak
[2018.04.03-04.48.15:656][  0]LogMemory: Process Virtual Memory: 195.22 MB used, 195.22 MB peak
[2018.04.03-04.48.15:656][  0]LogMemory: Physical Memory: 4815.37 MB used, 8106.51 MB total
[2018.04.03-04.48.15:656][  0]LogMemory: Virtual Memory: 577.60 MB used, 134217728.00 MB total
[2018.04.03-04.48.15:678][  0]LogTextLocalizationManager: No specific translations for ('en-GB') exist, so ('en') translations will be used.
[2018.04.03-04.48.15:968][  0]LogD3D11RHI: D3D11 adapters:
[2018.04.03-04.48.16:334][  0]LogD3D11RHI:    0. 'NVIDIA GeForce GTX 970' (Feature Level 11_0)
[2018.04.03-04.48.16:334][  0]LogD3D11RHI:       4059/0/4053 MB DedicatedVideo/DedicatedSystem/SharedSystem, Outputs:1, VendorId:0x10de
[2018.04.03-04.48.16:336][  0]LogD3D11RHI:    1. 'Microsoft Basic Render Driver' (Feature Level 11_0)
[2018.04.03-04.48.16:336][  0]LogD3D11RHI:       0/0/4053 MB DedicatedVideo/DedicatedSystem/SharedSystem, Outputs:0, VendorId:0x1414
[2018.04.03-04.48.16:336][  0]LogD3D11RHI: Chosen D3D11 Adapter: 0
[2018.04.03-04.48.16:341][  0]LogD3D11RHI: Creating new Direct3DDevice
[2018.04.03-04.48.16:341][  0]LogD3D11RHI:     GPU DeviceId: 0x13c2 (for the marketing name, search the web for "GPU Device Id")
[2018.04.03-04.48.16:341][  0]LogWindows: EnumDisplayDevices:
[2018.04.03-04.48.16:341][  0]LogWindows:    0. 'NVIDIA GeForce GTX 970' (P:1 D:1)
[2018.04.03-04.48.16:341][  0]LogWindows:    1. 'NVIDIA GeForce GTX 970' (P:0 D:0)
[2018.04.03-04.48.16:341][  0]LogWindows:    2. 'NVIDIA GeForce GTX 970' (P:0 D:0)
[2018.04.03-04.48.16:341][  0]LogWindows:    3. 'NVIDIA GeForce GTX 970' (P:0 D:0)
[2018.04.03-04.48.16:341][  0]LogWindows: DebugString: GetVideoDriverDetailsInvalid PrimaryIsNotTheChoosenAdapter GetVideoDriverDetailsInvalid PrimaryIsNotTheChoosenAdapter GetVideoDriverDetailsInvalid PrimaryIsNotTheChoosenAdapter GetVideoDriverDetailsInvalid PrimaryIsNotTheChoosenAdapter FoundDriverCount:0 
[2018.04.03-04.48.16:341][  0]LogD3D11RHI:     Adapter Name: NVIDIA GeForce GTX 970
[2018.04.03-04.48.16:341][  0]LogD3D11RHI:   Driver Version: Unknown (internal:Unknown, unified:Unknown)
[2018.04.03-04.48.16:341][  0]LogD3D11RHI:      Driver Date: Unknown
[2018.04.03-04.48.16:341][  0]LogRHI: Texture pool is 1361 MB (70% of 1945 MB)
[2018.04.03-04.48.16:360][  0]LogD3D11RHI: Async texture creation enabled
[2018.04.03-04.48.16:373][  0]LogD3D11RHI: GPU Timing Frequency: 1000.000000 (Debug: 2 1)
[2018.04.03-04.48.16:373][  0]LogShaderCompilers: Guid format shader working directory is -28 characters bigger than the processId version (../../../../../../Users/karan venkatesh/Documents/Unreal Projects/MyProject6/Intermediate/Shaders/WorkingDirectory/10908/).
[2018.04.03-04.48.16:373][  0]LogShaderCompilers: Cleaned the shader compiler working directory 'C:/Users/KARANV~1/AppData/Local/Temp/UnrealShaderWorkingDir/430DEFC9423B6A0F812B9C8A3C5F3E08/'.
[2018.04.03-04.48.16:373][  0]LogShaderCompilers:Display: Using Local Shader Compiler.
[2018.04.03-04.48.22:637][  0]LogTemp:Display: Loaded TP AllDesktopTargetPlatform
[2018.04.03-04.48.22:645][  0]LogTemp:Display: Loaded TP WindowsClientTargetPlatform
[2018.04.03-04.48.22:653][  0]LogTemp:Display: Loaded TP WindowsNoEditorTargetPlatform
[2018.04.03-04.48.22:662][  0]LogTemp:Display: Loaded TP WindowsServerTargetPlatform
[2018.04.03-04.48.22:670][  0]LogTemp:Display: Loaded TP WindowsTargetPlatform
[2018.04.03-04.48.22:676][  0]LogTemp:Display: Loaded TP AndroidTargetPlatform
[2018.04.03-04.48.22:700][  0]LogTemp:Display: Loaded TP Android_ASTCTargetPlatform
[2018.04.03-04.48.22:748][  0]LogTemp:Display: Loaded TP Android_ATCTargetPlatform
[2018.04.03-04.48.22:803][  0]LogTemp:Display: Loaded TP Android_DXTTargetPlatform
[2018.04.03-04.48.22:858][  0]LogTemp:Display: Loaded TP Android_ETC1TargetPlatform
[2018.04.03-04.48.22:873][  0]LogTemp:Display: Loaded TP Android_ETC2TargetPlatform
[2018.04.03-04.48.22:951][  0]LogTemp:Display: Loaded TP Android_MultiTargetPlatform
[2018.04.03-04.48.22:951][  0]LogTemp:Display: Loaded TP Android_PVRTCTargetPlatform
[2018.04.03-04.48.22:996][  0]LogTemp:Display: Loaded TP HTML5TargetPlatform
[2018.04.03-04.48.23:345][  0]LogTemp:Display: Loaded TP IOSTargetPlatform
[2018.04.03-04.48.23:351][  0]LogTemp:Display: Loaded TP TVOSTargetPlatform
[2018.04.03-04.48.23:509][  0]LogTemp:Display: Loaded TP LinuxNoEditorTargetPlatform
[2018.04.03-04.48.23:591][  0]LogTemp:Display: Loaded TP LinuxServerTargetPlatform
[2018.04.03-04.48.23:631][  0]LogTemp:Display: Loaded TP LinuxTargetPlatform
[2018.04.03-04.48.23:631][  0]LogTargetPlatformManager:Display: Building Assets For Windows
[2018.04.03-04.48.25:356][  0]LogDerivedDataCache:Display: Max Cache Size: 512 MB
[2018.04.03-04.48.36:720][  0]LogDerivedDataCache: Loaded boot cache 11.36s 48MB C:/Users/karan venkatesh/AppData/Local/UnrealEngine/4.12/DerivedDataCache/Boot.ddc.
[2018.04.03-04.48.36:720][  0]LogDerivedDataCache:Display: Loaded Boot cache: C:/Users/karan venkatesh/AppData/Local/UnrealEngine/4.12/DerivedDataCache/Boot.ddc
[2018.04.03-04.48.36:720][  0]LogDerivedDataCache: FDerivedDataBackendGraph:  Pak pak cache file ../../../../../../Users/karan venkatesh/Documents/Unreal Projects/MyProject6/DerivedDataCache/DDC.ddp not found, will not use a pak cache.
[2018.04.03-04.48.36:720][  0]LogDerivedDataCache: Unable to find inner node Pak for hierarchical cache Hierarchy.
[2018.04.03-04.48.36:720][  0]LogDerivedDataCache: FDerivedDataBackendGraph:  CompressedPak pak cache file ../../../../../../Users/karan venkatesh/Documents/Unreal Projects/MyProject6/DerivedDataCache/Compressed.ddp not found, will not use a pak cache.
[2018.04.03-04.48.36:720][  0]LogDerivedDataCache: Unable to find inner node CompressedPak for hierarchical cache Hierarchy.
[2018.04.03-04.48.36:731][  0]LogDerivedDataCache:Display: Pak cache opened for reading ../../../Engine/DerivedDataCache/Compressed.ddp.
[2018.04.03-04.48.36:755][  0]LogDerivedDataCache: Using Local data cache path C:/Users/karan venkatesh/AppData/Local/UnrealEngine/Common/DerivedDataCache: Writable
[2018.04.03-04.48.50:032][  0]LogInit: Selected Device Profile: [Windows]
[2018.04.03-04.48.50:055][  0]LogContentStreaming: Texture pool size is 0.00 MB
[2018.04.03-04.48.50:464][  0]LogMeshUtilities: No automatic mesh reduction module available
[2018.04.03-04.48.50:464][  0]LogMeshUtilities: No automatic mesh merging module available
[2018.04.03-04.48.50:465][  0]LogMeshUtilities: No distributed automatic mesh merging module available
[2018.04.03-04.48.51:483][  0]LogAssetRegistry: FAssetRegistry took 0.0222 seconds to start up
[2018.04.03-04.48.51:696][  0]LogPackageLocalizationCache: Processed 3 localized package path(s) for 2 prioritized culture(s) in 0.210007 seconds
[2018.04.03-04.48.51:700][  0]LogUObjectArray: 28739 objects as part of root set at end of initial load.
[2018.04.03-04.48.51:700][  0]LogUObjectAllocator: 5855624 out of 0 bytes used by permanent object pool.
[2018.04.03-04.48.51:700][  0]LogUObjectArray: CloseDisregardForGC: 0/0 objects in disregard for GC pool
[2018.04.03-04.48.51:709][  0]LogInit: WinSock: version 1.1 (2.2), MaxSocks=32767, MaxUdp=65467
[2018.04.03-04.48.55:213][  0]LogSlate: SlateFontCache - WITH_FREETYPE: 1, WITH_HARFBUZZ: 1
[2018.04.03-04.48.55:213][  0]LogSlate: SlateFontCache - WITH_FREETYPE: 1, WITH_HARFBUZZ: 1
[2018.04.03-04.49.41:667][  0]LogUdpMessaging: Initializing bridge on interface 0.0.0.0:0 to multicast group 230.0.0.1:6666.
[2018.04.03-04.49.43:170][  0]SourceControl: Info Source control is disabled
[2018.04.03-04.49.43:171][  0]SourceControl: Info Source control is disabled
[2018.04.03-04.49.43:208][  0]SourceControl: Info Source control is disabled
[2018.04.03-04.49.43:273][  0]SourceControl: Info Source control is disabled
[2018.04.03-04.49.44:922][  0]LogEngine: Initializing Engine...
[2018.04.03-04.49.45:037][  0]LogHMD: SteamVR failed to initialize.  Err: 110
[2018.04.03-04.49.45:038][  0]LogHMD: SteamVR failed to initialize.  Err: 110
[2018.04.03-04.49.45:461][  0]LogAIModule: Creating AISystem for world NewWorld
[2018.04.03-04.49.45:481][  0]LogInit: XAudio2 using 'Speakers (Realtek High Definition Audio)' : 2 channels at 48 kHz using 32 bits per sample (channel mask 0x3)
[2018.04.03-04.49.45:641][  0]LogInit: FAudioDevice initialized.
[2018.04.03-04.49.45:769][  0]LogDerivedDataCache: Saved boot cache 0.13s 48MB C:/Users/karan venkatesh/AppData/Local/UnrealEngine/4.12/DerivedDataCache/Boot.ddc.
[2018.04.03-04.49.45:774][  0]LogInit: Texture streaming: Enabled
[2018.04.03-04.49.46:083][  0]LogInit: Transaction tracking system initialized
[2018.04.03-04.49.46:431][  0]BlueprintLog: New page: Editor Load
[2018.04.03-04.49.48:036][  0]LocalizationService: Info Localization service is disabled
[2018.04.03-04.49.48:904][  0]LogConsoleResponse:Display: 
[2018.04.03-04.49.49:894][  0]LogCook:Display: Max memory allowance for cook 8192mb
[2018.04.03-04.49.49:894][  0]LogCook:Display: Mobile HDR setting 1
[2018.04.03-04.49.51:184][  0]LogFileCache: Scanning file cache for directory 'C:/Users/karan venkatesh/Documents/Unreal Projects/MyProject6/Content/' took 0.56s
[2018.04.03-04.49.51:799][  0]SourceControl: Info Source control is disabled
[2018.04.03-04.49.51:799][  0]Cmd: MAP LOAD FILE="../../../../../../Users/karan venkatesh/Documents/Unreal Projects/MyProject6/Content/ThirdPersonBP/Maps/Level_1.umap" TEMPLATE=0 SHOWPROGRESS=1 FEATURELEVEL=3
[2018.04.03-04.49.51:829][  0]LightingResults: New page: Lighting Build
[2018.04.03-04.49.51:832][  0]MapCheck: New page: Map Check
[2018.04.03-04.49.51:832][  0]LightingResults: New page: Lighting Build
[2018.04.03-04.50.00:735][  0]LogMaterial: Missing cached shader map for material M_Basic_Floor_2, compiling. 
[2018.04.03-04.50.05:415][  0]LogTexture:Display: Building textures: HQ_Lightmap1_1 (AutoDXT)
[2018.04.03-04.50.06:135][  0]LogTexture:Display: Building textures: LQ_Lightmap_1_1 (DXT1)
[2018.04.03-04.50.06:332][  0]LogTexture:Display: Building textures: LQ_Lightmap_1_4 (DXT1)
[2018.04.03-04.50.06:442][  0]LogTexture:Display: Building textures: SkyOcclusion1_4 (AutoDXT)
[2018.04.03-04.50.08:449][  0]LogTexture:Display: Building textures: T_Metal_Steel_D (AutoDXT)
[2018.04.03-04.50.09:960][  0]LogAIModule: Creating AISystem for world Level_1
[2018.04.03-04.50.10:303][  0]LogEditorServer: Finished looking for orphan Actors (0.000 secs)
[2018.04.03-04.50.10:304][  0]Cmd: MAP CHECKDEP NOCLEARLOG
[2018.04.03-04.50.10:381][  0]MapCheck: Info Map check complete: 0 Error(s), 0 Warning(s), took 76.519ms to complete.
[2018.04.03-04.50.10:381][  0]LogFileHelpers: Loading map 'Level_1' took 18.581
[2018.04.03-04.50.10:906][  0]LogCollectionManager: Loaded 1 collections in 0.091689 seconds
[2018.04.03-04.50.10:947][  0]LogFileCache: Scanning file cache for directory 'C:/Users/karan venkatesh/Documents/Unreal Projects/MyProject6/Saved/Collections/' took 0.01s
[2018.04.03-04.50.10:947][  0]LogFileCache: Scanning file cache for directory 'C:/Users/karan venkatesh/Documents/Unreal Projects/MyProject6/Content/Developers/karanvenkatesh/Collections/' took 0.01s
[2018.04.03-04.50.10:947][  0]LogFileCache: Scanning file cache for directory 'C:/Users/karan venkatesh/Documents/Unreal Projects/MyProject6/Content/Collections/' took 0.01s
[2018.04.03-04.50.10:948][  0]LogCollectionManager: Rebuilt the GUID cache for 1 collections in 0.000004 seconds
[2018.04.03-04.50.10:981][  0]LogCollectionManager: Rebuilt the hierarchy cache for 1 collections in 0.000002 seconds
[2018.04.03-04.50.10:987][  0]LogContentBrowser: Native class hierarchy populated in 0.0057 seconds. Added 2047 classes and 369 folders.
[2018.04.03-04.50.10:991][  0]LogStats: UGameplayTagsManager::ConstructGameplayTagTree: Construct from data asset -  0.000 s
[2018.04.03-04.50.10:991][  0]LogStats: UGameplayTagsManager::ConstructGameplayTagTree: GameplayTagTreeChangedEvent.Broadcast -  0.000 s
[2018.04.03-04.50.10:992][  0]LogContentBrowser: Native class hierarchy updated for 'GameplayTags' in 0.0003 seconds. Added 12 classes and 0 folders.
[2018.04.03-04.50.10:998][  0]LogContentBrowser: Native class hierarchy updated for 'WidgetCarousel' in 0.0002 seconds. Added 0 classes and 0 folders.
[2018.04.03-04.50.15:048][  0]LogContentBrowser: Native class hierarchy updated for 'AddContentDialog' in 0.0003 seconds. Added 0 classes and 0 folders.
[2018.04.03-04.50.15:076][  0]LogContentBrowser: Native class hierarchy updated for 'SceneOutliner' in 0.0003 seconds. Added 1 classes and 2 folders.
[2018.04.03-04.50.15:484][  0]LogCrashTracker: Crashtracker disabled due to settings.
[2018.04.03-04.50.15:489][  0]LogUObjectGlobals:Warning: Failed to find object 'Class None.'
[2018.04.03-04.50.15:637][  0]LogContentBrowser: Native class hierarchy updated for 'HierarchicalLODOutliner' in 0.0003 seconds. Added 1 classes and 2 folders.
[2018.04.03-04.50.15:638][  0]LogLoad: Full Startup: 122.66 seconds (BP compile: 0.28 seconds)
[2018.04.03-04.50.15:638][  0]LogExternalProfiler: No external profilers were discovered.  External profiling features will not be available.
[2018.04.03-04.50.15:647][  0]LogWindowsTextInputMethodSystem:Display: IME system now deactivated.
[2018.04.03-04.50.15:647][  0]LogOcInput: OculusInput pre-init called
[2018.04.03-04.50.15:665][  0]LogContentStreaming: Texture pool size now 1000 MB
[2018.04.03-04.50.16:408][  0]LogRenderer: Reallocating scene render targets to support 904x468 (Frame:2).
[2018.04.03-04.50.19:393][  1]LogAssetRegistry: Asset discovery search completed in 87.9321 seconds
[2018.04.03-04.50.19:424][  1]LogCollectionManager: Rebuilt the object cache for 1 collections in 0.030461 seconds (found 0 objects)
[2018.04.03-04.50.19:424][  1]LogCollectionManager: Fixed up redirectors for 1 collections in 0.030513 seconds (updated 0 objects)
[2018.04.03-04.51.26:973][ 80]LogWindowsTextInputMethodSystem:Display: IME system now deactivated.
[2018.04.03-04.51.27:124][ 81]Cmd: QUIT_EDITOR
[2018.04.03-04.51.27:175][ 81]LogExit: Preparing to exit.
[2018.04.03-04.51.27:857][ 81]LogExit: Editor shut down
[2018.04.03-04.51.27:857][ 81]LogExit: Transaction tracking system shut down
[2018.04.03-04.51.27:935][ 81]LogObj: Freed 0b from 0 cluster array pools.
[2018.04.03-04.51.27:935][ 81]LogExit: Object subsystem successfully closed.
[2018.04.03-04.51.27:946][ 81]LogD3D11RHI: Shutdown
[2018.04.03-04.51.27:946][ 81]LogD3D11RHI: CleanupD3DDevice
[2018.04.03-04.51.27:986][ 81]LogD3D11RHI: ~FD3D11DynamicRHI
[2018.04.03-04.51.28:004][ 81]LogModuleManager: Shutting down and abandoning module HierarchicalLODOutliner (213)
[2018.04.03-04.51.28:004][ 81]LogModuleManager: Shutting down and abandoning module CrashTracker (212)
[2018.04.03-04.51.28:004][ 81]LogModuleManager: Shutting down and abandoning module SceneOutliner (211)
[2018.04.03-04.51.28:004][ 81]LogModuleManager: Shutting down and abandoning module WidgetCarousel (210)
[2018.04.03-04.51.28:004][ 81]LogModuleManager: Shutting down and abandoning module AddContentDialog (209)
[2018.04.03-04.51.28:006][ 81]LogModuleManager: Shutting down and abandoning module GameplayTags (208)
[2018.04.03-04.51.28:006][ 81]LogModuleManager: Shutting down and abandoning module EditorWidgets (207)
[2018.04.03-04.51.28:006][ 81]LogModuleManager: Shutting down and abandoning module CollectionManager (206)
[2018.04.03-04.51.28:007][ 81]LogModuleManager: Shutting down and abandoning module StatsViewer (205)
[2018.04.03-04.51.28:007][ 81]LogModuleManager: Shutting down and abandoning module FoliageEdit (204)
[2018.04.03-04.51.28:007][ 81]LogModuleManager: Shutting down and abandoning module LandscapeEditor (203)
[2018.04.03-04.51.28:007][ 81]LogModuleManager: Shutting down and abandoning module SceneDepthPickerMode (202)
[2018.04.03-04.51.28:007][ 81]LogModuleManager: Shutting down and abandoning module ActorPickerMode (201)
[2018.04.03-04.51.28:007][ 81]LogModuleManager: Shutting down and abandoning module GeometryMode (200)
[2018.04.03-04.51.28:007][ 81]LogModuleManager: Shutting down and abandoning module TextureAlignMode (199)
[2018.04.03-04.51.28:007][ 81]LogModuleManager: Shutting down and abandoning module BspMode (198)
[2018.04.03-04.51.28:007][ 81]LogModuleManager: Shutting down and abandoning module HardwareSurvey (197)
[2018.04.03-04.51.28:007][ 81]LogModuleManager: Shutting down and abandoning module SequenceRecorderSections (196)
[2018.04.03-04.51.28:007][ 81]LogModuleManager: Shutting down and abandoning module SequenceRecorder (195)
[2018.04.03-04.51.28:007][ 81]LogModuleManager: Shutting down and abandoning module AutomationWorker (194)
[2018.04.03-04.51.28:007][ 81]LogModuleManager: Shutting down and abandoning module MatineeToLevelSequence (193)
[2018.04.03-04.51.28:007][ 81]LogModuleManager: Shutting down and abandoning module PlacementMode (192)
[2018.04.03-04.51.28:007][ 81]LogModuleManager: Shutting down and abandoning module LevelSequenceEditor (191)
[2018.04.03-04.51.28:007][ 81]LogModuleManager: Shutting down and abandoning module CharacterAI (190)
[2018.04.03-04.51.28:007][ 81]LogModuleManager: Shutting down and abandoning module SmartSnapping (189)
[2018.04.03-04.51.28:007][ 81]LogModuleManager: Shutting down and abandoning module SessionServices (188)
[2018.04.03-04.51.28:007][ 81]LogModuleManager: Shutting down and abandoning module ViewportSnapping (187)
[2018.04.03-04.51.28:007][ 81]LogModuleManager: Shutting down and abandoning module LogVisualizer (186)
[2018.04.03-04.51.28:007][ 81]LogModuleManager: Shutting down and abandoning module GameProjectGeneration (185)
[2018.04.03-04.51.28:007][ 81]LogModuleManager: Shutting down and abandoning module IntroTutorials (184)
[2018.04.03-04.51.28:007][ 81]LogModuleManager: Shutting down and abandoning module EditorLiveStreaming (183)
[2018.04.03-04.51.28:007][ 81]LogModuleManager: Shutting down and abandoning module IOSPlatformEditor (182)
[2018.04.03-04.51.28:007][ 81]LogModuleManager: Shutting down and abandoning module HTML5PlatformEditor (181)
[2018.04.03-04.51.28:007][ 81]LogModuleManager: Shutting down and abandoning module AndroidDeviceDetection (180)
[2018.04.03-04.51.28:559][ 81]LogModuleManager: Shutting down and abandoning module AndroidPlatformEditor (179)
[2018.04.03-04.51.28:559][ 81]LogModuleManager: Shutting down and abandoning module IOSRuntimeSettings (178)
[2018.04.03-04.51.28:559][ 81]LogModuleManager: Shutting down and abandoning module AndroidRuntimeSettings (177)
[2018.04.03-04.51.28:559][ 81]LogModuleManager: Shutting down and abandoning module MergeActors (176)
[2018.04.03-04.51.28:559][ 81]LogModuleManager: Shutting down and abandoning module SizeMap (175)
[2018.04.03-04.51.28:559][ 81]LogModuleManager: Shutting down and abandoning module TreeMap (174)
[2018.04.03-04.51.28:559][ 81]LogModuleManager: Shutting down and abandoning module ReferenceViewer (173)
[2018.04.03-04.51.28:559][ 81]LogModuleManager: Shutting down and abandoning module LocalizationService (172)
[2018.04.03-04.51.28:559][ 81]LogModuleManager: Shutting down and abandoning module LocalizationDashboard (171)
[2018.04.03-04.51.28:559][ 81]LogModuleManager: Shutting down and abandoning module HardwareTargeting (170)
[2018.04.03-04.51.28:559][ 81]LogModuleManager: Shutting down and abandoning module DeviceProfileEditor (169)
[2018.04.03-04.51.28:559][ 81]LogModuleManager: Shutting down and abandoning module UndoHistory (168)
[2018.04.03-04.51.28:559][ 81]LogModuleManager: Shutting down and abandoning module UserFeedback (167)
[2018.04.03-04.51.28:559][ 81]LogModuleManager: Shutting down and abandoning module XmlParser (166)
[2018.04.03-04.51.28:559][ 81]LogModuleManager: Shutting down and abandoning module Blutility (165)
[2018.04.03-04.51.28:559][ 81]LogModuleManager: Shutting down and abandoning module ProjectTargetPlatformEditor (164)
[2018.04.03-04.51.28:560][ 81]LogModuleManager: Shutting down and abandoning module ProjectSettingsViewer (163)
[2018.04.03-04.51.28:560][ 81]LogModuleManager: Shutting down and abandoning module InputBindingEditor (162)
[2018.04.03-04.51.28:560][ 81]LogModuleManager: Shutting down and abandoning module EditorSettingsViewer (161)
[2018.04.03-04.51.28:560][ 81]LogModuleManager: Shutting down and abandoning module SettingsEditor (160)
[2018.04.03-04.51.28:560][ 81]LogModuleManager: Shutting down and abandoning module ProjectLauncher (159)
[2018.04.03-04.51.28:560][ 81]LogModuleManager: Shutting down and abandoning module SessionFrontend (158)
[2018.04.03-04.51.28:560][ 81]LogModuleManager: Shutting down and abandoning module ProfilerClient (157)
[2018.04.03-04.51.28:560][ 81]LogModuleManager: Shutting down and abandoning module TargetDeviceServices (156)
[2018.04.03-04.51.28:560][ 81]LogModuleManager: Shutting down and abandoning module DeviceManager (155)
[2018.04.03-04.51.28:604][ 81]LogModuleManager: Shutting down and abandoning module AutomationController (154)
[2018.04.03-04.51.28:604][ 81]LogModuleManager: Shutting down and abandoning module AutomationWindow (153)
[2018.04.03-04.51.28:604][ 81]LogModuleManager: Shutting down and abandoning module Layers (152)
[2018.04.03-04.51.28:604][ 81]LogModuleManager: Shutting down and abandoning module ComponentVisualizers (151)
[2018.04.03-04.51.28:604][ 81]LogModuleManager: Shutting down and abandoning module DetailCustomizations (150)
[2018.04.03-04.51.28:604][ 81]LogModuleManager: Shutting down and abandoning module PackagesDialog (149)
[2018.04.03-04.51.28:604][ 81]LogModuleManager: Shutting down and abandoning module Persona (148)
[2018.04.03-04.51.28:604][ 81]LogModuleManager: Shutting down and abandoning module Kismet (147)
[2018.04.03-04.51.28:604][ 81]LogModuleManager: Shutting down and abandoning module GraphEditor (146)
[2018.04.03-04.51.28:604][ 81]LogModuleManager: Shutting down and abandoning module ClassViewer (145)
[2018.04.03-04.51.28:604][ 81]LogModuleManager: Shutting down and abandoning module Toolbox (144)
[2018.04.03-04.51.28:604][ 81]LogModuleManager: Shutting down and abandoning module ModuleUI (143)
[2018.04.03-04.51.28:604][ 81]LogModuleManager: Shutting down and abandoning module MovieSceneTools (142)
[2018.04.03-04.51.28:604][ 81]LogModuleManager: Shutting down and abandoning module OutputLog (141)
[2018.04.03-04.51.28:604][ 81]LogModuleManager: Shutting down and abandoning module GammaUI (140)
[2018.04.03-04.51.28:604][ 81]LogModuleManager: Shutting down and abandoning module Documentation (139)
[2018.04.03-04.51.28:604][ 81]LogModuleManager: Shutting down and abandoning module StreamingPauseRendering (138)
[2018.04.03-04.51.28:604][ 81]LogModuleManager: Shutting down and abandoning module AnalyticsET (137)
[2018.04.03-04.51.28:604][ 81]LogModuleManager: Shutting down and abandoning module Analytics (136)
[2018.04.03-04.51.28:604][ 81]LogModuleManager: Shutting down and abandoning module PortalServices (135)
[2018.04.03-04.51.28:604][ 81]LogModuleManager: Shutting down and abandoning module PortalRpc (134)
[2018.04.03-04.51.28:604][ 81]LogModuleManager: Shutting down and abandoning module MessagingRpc (133)
[2018.04.03-04.51.28:604][ 81]LogModuleManager: Shutting down and abandoning module GameplayDebugger (132)
[2018.04.03-04.51.28:604][ 81]LogModuleManager: Shutting down and abandoning module AITestSuite (131)
[2018.04.03-04.51.28:604][ 81]LogModuleManager: Shutting down and abandoning module AIModule (130)
[2018.04.03-04.51.28:604][ 81]LogModuleManager: Shutting down and abandoning module ProfilerService (129)
[2018.04.03-04.51.28:741][ 81]LogModuleManager: Shutting down and abandoning module TaskGraph (128)
[2018.04.03-04.51.28:741][ 81]LogModuleManager: Shutting down and abandoning module SlateRemote (127)
[2018.04.03-04.51.28:741][ 81]LogModuleManager: Shutting down and abandoning module SteamVRController (126)
[2018.04.03-04.51.28:741][ 81]LogModuleManager: Shutting down and abandoning module SteamVR (125)
[2018.04.03-04.51.28:741][ 81]LogModuleManager: Shutting down and abandoning module ProceduralMeshComponent (124)
[2018.04.03-04.51.28:741][ 81]LogModuleManager: Shutting down and abandoning module OculusLibrary (123)
[2018.04.03-04.51.28:741][ 81]LogModuleManager: Shutting down and abandoning module OculusInput (122)
[2018.04.03-04.51.28:741][ 81]LogModuleManager: Shutting down and abandoning module CustomMeshComponent (121)
[2018.04.03-04.51.28:741][ 81]LogModuleManager: Shutting down and abandoning module CableComponent (120)
[2018.04.03-04.51.28:741][ 81]LogModuleManager: Shutting down and abandoning module ArchVisCharacter (119)
[2018.04.03-04.51.28:741][ 81]LogModuleManager: Shutting down and abandoning module MediaPlayerEditor (118)
[2018.04.03-04.51.28:741][ 81]LogModuleManager: Shutting down and abandoning module HTML5Networking (117)
[2018.04.03-04.51.28:741][ 81]LogModuleManager: Shutting down and abandoning module SuperSearch (116)
[2018.04.03-04.51.28:741][ 81]LogModuleManager: Shutting down and abandoning module SuperSearchEditor (115)
[2018.04.03-04.51.28:741][ 81]LogModuleManager: Shutting down and abandoning module SpeedTreeImporter (114)
[2018.04.03-04.51.28:741][ 81]LogModuleManager: Shutting down and abandoning module PluginBrowser (113)
[2018.04.03-04.51.28:741][ 81]LogModuleManager: Shutting down and abandoning module EpicSurvey (112)
[2018.04.03-04.51.28:741][ 81]LogModuleManager: Shutting down and abandoning module DesktopPlatform (111)
[2018.04.03-04.51.28:741][ 81]LogModuleManager: Shutting down and abandoning module VisualStudioSourceCodeAccess (110)
[2018.04.03-04.51.28:741][ 81]LogModuleManager: Shutting down and abandoning module UObjectPlugin (109)
[2018.04.03-04.51.28:741][ 81]LogModuleManager: Shutting down and abandoning module SubversionSourceControl (108)
[2018.04.03-04.51.28:741][ 81]LogModuleManager: Shutting down and abandoning module PerforceSourceControl (107)
[2018.04.03-04.51.28:741][ 81]LogModuleManager: Shutting down and abandoning module SourceControl (106)
[2018.04.03-04.51.28:741][ 81]LogModuleManager: Shutting down and abandoning module GitSourceControl (105)
[2018.04.03-04.51.28:741][ 81]LogModuleManager: Shutting down and abandoning module LightPropagationVolumeEditor (104)
[2018.04.03-04.51.28:741][ 81]LogModuleManager: Shutting down and abandoning module PaperTiledImporter (103)
[2018.04.03-04.51.28:741][ 81]LogModuleManager: Shutting down and abandoning module PaperSpriteSheetImporter (102)
[2018.04.03-04.51.28:741][ 81]LogModuleManager: Shutting down and abandoning module MeshPaint (101)
[2018.04.03-04.51.28:741][ 81]LogModuleManager: Shutting down and abandoning module PixelInspectorModule (100)
[2018.04.03-04.51.28:741][ 81]LogModuleManager: Shutting down and abandoning module HotReload (99)
[2018.04.03-04.51.28:742][ 81]LogModuleManager: Shutting down and abandoning module MainFrame (98)
[2018.04.03-04.51.28:742][ 81]LogModuleManager: Shutting down and abandoning module LevelEditor (97)
[2018.04.03-04.51.28:742][ 81]LogModuleManager: Shutting down and abandoning module ContentBrowser (96)
[2018.04.03-04.51.28:743][ 81]LogModuleManager: Shutting down and abandoning module Paper2DEditor (95)
[2018.04.03-04.51.28:743][ 81]LogModuleManager: Shutting down and abandoning module UdpMessaging (94)
[2018.04.03-04.51.28:845][ 81]LogModuleManager: Shutting down and abandoning module LightPropagationVolumeRuntime (93)
[2018.04.03-04.51.28:845][ 81]LogModuleManager: Shutting down and abandoning module Paper2D (92)
[2018.04.03-04.51.28:845][ 81]LogModuleManager: Shutting down and abandoning module WindowsMoviePlayer (91)
[2018.04.03-04.51.28:845][ 81]LogModuleManager: Shutting down and abandoning module Media (90)
[2018.04.03-04.51.28:845][ 81]LogModuleManager: Shutting down and abandoning module WmfMedia (89)
[2018.04.03-04.51.28:847][ 81]LogModuleManager: Shutting down and abandoning module MediaAssets (88)
[2018.04.03-04.51.28:847][ 81]LogModuleManager: Shutting down and abandoning module GameLiveStreaming (87)
[2018.04.03-04.51.28:847][ 81]LogModuleManager: Shutting down and abandoning module GameplayTagsEditor (86)
[2018.04.03-04.51.28:847][ 81]LogModuleManager: Shutting down and abandoning module OnlineBlueprintSupport (85)
[2018.04.03-04.51.28:847][ 81]LogModuleManager: Shutting down and abandoning module VREditor (84)
[2018.04.03-04.51.28:847][ 81]LogModuleManager: Shutting down and abandoning module GameplayTasksEditor (83)
[2018.04.03-04.51.28:847][ 81]LogModuleManager: Shutting down and abandoning module PropertyEditor (82)
[2018.04.03-04.51.28:847][ 81]LogModuleManager: Shutting down and abandoning module BehaviorTreeEditor (81)
[2018.04.03-04.51.28:847][ 81]LogModuleManager: Shutting down and abandoning module FunctionalTesting (80)
[2018.04.03-04.51.28:847][ 81]LogModuleManager: Shutting down and abandoning module CollisionAnalyzer (79)
[2018.04.03-04.51.28:847][ 81]LogModuleManager: Shutting down and abandoning module Sequencer (78)
[2018.04.03-04.51.28:848][ 81]LogModuleManager: Shutting down and abandoning module WorkspaceMenuStructure (77)
[2018.04.03-04.51.28:848][ 81]LogModuleManager: Shutting down and abandoning module MessageLog (76)
[2018.04.03-04.51.28:848][ 81]LogModuleManager: Shutting down and abandoning module AssetTools (75)
[2018.04.03-04.51.28:848][ 81]LogModuleManager: Shutting down and abandoning module UMGEditor (74)
[2018.04.03-04.51.28:848][ 81]LogModuleManager: Shutting down and abandoning module UMG (73)
[2018.04.03-04.51.28:848][ 81]LogModuleManager: Shutting down and abandoning module SlateReflector (72)
[2018.04.03-04.51.28:848][ 81]LogModuleManager: Shutting down and abandoning module Slate (71)
[2018.04.03-04.51.28:848][ 81]LogModuleManager: Shutting down and abandoning module EditorStyle (70)
[2018.04.03-04.51.28:850][ 81]LogModuleManager: Shutting down and abandoning module SourceCodeAccess (69)
[2018.04.03-04.51.28:850][ 81]LogModuleManager: Shutting down and abandoning module HeadMountedDisplay (68)
[2018.04.03-04.51.28:850][ 81]LogModuleManager: Shutting down and abandoning module XAudio2 (67)
[2018.04.03-04.51.28:850][ 81]LogModuleManager: Shutting down and abandoning module Networking (65)
[2018.04.03-04.51.28:850][ 81]LogModuleManager: Shutting down and abandoning module Core (64)
[2018.04.03-04.51.28:850][ 81]LogModuleManager: Shutting down and abandoning module DirectoryWatcher (63)
[2018.04.03-04.51.28:850][ 81]LogModuleManager: Shutting down and abandoning module AssetRegistry (62)
[2018.04.03-04.51.28:993][ 81]LogModuleManager: Shutting down and abandoning module KismetCompiler (61)
[2018.04.03-04.51.28:993][ 81]LogModuleManager: Shutting down and abandoning module PhysXFormats (60)
[2018.04.03-04.51.28:993][ 81]LogModuleManager: Shutting down and abandoning module MeshUtilities (59)
[2018.04.03-04.51.28:993][ 81]LogModuleManager: Shutting down and abandoning module DerivedDataCache (58)
[2018.04.03-04.51.29:010][ 81]LogDerivedDataCache: Shutdown
[2018.04.03-04.51.29:010][ 81]LogModuleManager: Shutting down and abandoning module VulkanShaderFormat (57)
[2018.04.03-04.51.29:010][ 81]LogModuleManager: Shutting down and abandoning module ShaderFormatOpenGL (56)
[2018.04.03-04.51.29:010][ 81]LogModuleManager: Shutting down and abandoning module ShaderFormatD3D (55)
[2018.04.03-04.51.29:010][ 81]LogModuleManager: Shutting down and abandoning module MetalShaderFormat (54)
[2018.04.03-04.51.29:010][ 81]LogModuleManager: Shutting down and abandoning module TextureFormatUncompressed (53)
[2018.04.03-04.51.29:010][ 81]LogModuleManager: Shutting down and abandoning module TextureFormatPVR (52)
[2018.04.03-04.51.29:010][ 81]LogModuleManager: Shutting down and abandoning module TextureFormatIntelISPCTexComp (51)
[2018.04.03-04.51.29:010][ 81]LogModuleManager: Shutting down and abandoning module TextureFormatDXT (50)
[2018.04.03-04.51.29:010][ 81]LogModuleManager: Shutting down and abandoning module ImageWrapper (49)
[2018.04.03-04.51.29:010][ 81]LogModuleManager: Shutting down and abandoning module TextureFormatASTC (48)
[2018.04.03-04.51.29:010][ 81]LogModuleManager: Shutting down and abandoning module TextureFormatAndroid (47)
[2018.04.03-04.51.29:010][ 81]LogModuleManager: Shutting down and abandoning module AudioFormatOpus (46)
[2018.04.03-04.51.29:010][ 81]LogModuleManager: Shutting down and abandoning module AudioFormatOgg (45)
[2018.04.03-04.51.29:010][ 81]LogModuleManager: Shutting down and abandoning module AudioFormatADPCM (44)
[2018.04.03-04.51.29:010][ 81]LogModuleManager: Shutting down and abandoning module LinuxTargetPlatform (43)
[2018.04.03-04.51.29:010][ 81]LogModuleManager: Shutting down and abandoning module LinuxServerTargetPlatform (42)
[2018.04.03-04.51.29:010][ 81]LogModuleManager: Shutting down and abandoning module LinuxNoEditorTargetPlatform (41)
[2018.04.03-04.51.29:010][ 81]LogModuleManager: Shutting down and abandoning module TVOSTargetPlatform (40)
[2018.04.03-04.51.29:010][ 81]LogModuleManager: Shutting down and abandoning module Messaging (39)
[2018.04.03-04.51.29:010][ 81]LogModuleManager: Shutting down and abandoning module IOSTargetPlatform (38)
[2018.04.03-04.51.29:010][ 81]LogModuleManager: Shutting down and abandoning module HTML5TargetPlatform (37)
[2018.04.03-04.51.29:010][ 81]LogModuleManager: Shutting down and abandoning module Android_PVRTCTargetPlatform (36)
[2018.04.03-04.51.29:010][ 81]LogModuleManager: Shutting down and abandoning module Android_MultiTargetPlatform (35)
[2018.04.03-04.51.29:010][ 81]LogModuleManager: Shutting down and abandoning module Android_ETC2TargetPlatform (34)
[2018.04.03-04.51.29:010][ 81]LogModuleManager: Shutting down and abandoning module Android_ETC1TargetPlatform (33)
[2018.04.03-04.51.29:010][ 81]LogModuleManager: Shutting down and abandoning module Android_DXTTargetPlatform (32)
[2018.04.03-04.51.29:010][ 81]LogModuleManager: Shutting down and abandoning module Android_ATCTargetPlatform (31)
[2018.04.03-04.51.29:010][ 81]LogModuleManager: Shutting down and abandoning module Android_ASTCTargetPlatform (30)
[2018.04.03-04.51.29:010][ 81]LogModuleManager: Shutting down and abandoning module AndroidTargetPlatform (29)
[2018.04.03-04.51.29:010][ 81]LogModuleManager: Shutting down and abandoning module WindowsTargetPlatform (28)
[2018.04.03-04.51.29:010][ 81]LogModuleManager: Shutting down and abandoning module WindowsServerTargetPlatform (27)
[2018.04.03-04.51.29:010][ 81]LogModuleManager: Shutting down and abandoning module WindowsNoEditorTargetPlatform (26)
[2018.04.03-04.51.29:010][ 81]LogModuleManager: Shutting down and abandoning module WindowsClientTargetPlatform (25)
[2018.04.03-04.51.29:010][ 81]LogModuleManager: Shutting down and abandoning module AllDesktopTargetPlatform (24)
[2018.04.03-04.51.29:010][ 81]LogModuleManager: Shutting down and abandoning module TargetPlatform (23)
[2018.04.03-04.51.29:010][ 81]LogModuleManager: Shutting down and abandoning module InputCore (22)
[2018.04.03-04.51.29:010][ 81]LogModuleManager: Shutting down and abandoning module Settings (21)
[2018.04.03-04.51.29:010][ 81]LogModuleManager: Shutting down and abandoning module OnlineSubsystem (19)
[2018.04.03-04.51.29:010][ 81]LogModuleManager: Shutting down and abandoning module HTTP (18)
[2018.04.03-04.51.30:512][ 81]LogModuleManager: Shutting down and abandoning module XMPP (17)
[2018.04.03-04.51.30:512][ 81]LogModuleManager: Shutting down and abandoning module OculusRift (16)
[2018.04.03-04.51.30:512][ 81]LogModuleManager: Shutting down and abandoning module ExampleDeviceProfileSelector (15)
[2018.04.03-04.51.30:512][ 81]LogModuleManager: Shutting down and abandoning module TextureCompressor (14)
[2018.04.03-04.51.30:512][ 81]LogModuleManager: Shutting down and abandoning module ShaderCore (13)
[2018.04.03-04.51.30:512][ 81]LogModuleManager: Shutting down and abandoning module Landscape (12)
[2018.04.03-04.51.30:512][ 81]LogModuleManager: Shutting down and abandoning module SlateRHIRenderer (11)
[2018.04.03-04.51.30:512][ 81]LogModuleManager: Shutting down and abandoning module OpenGLDrv (10)
[2018.04.03-04.51.30:512][ 81]LogModuleManager: Shutting down and abandoning module D3D11RHI (9)
[2018.04.03-04.51.30:512][ 81]LogModuleManager: Shutting down and abandoning module AnimGraphRuntime (8)
[2018.04.03-04.51.30:512][ 81]LogModuleManager: Shutting down and abandoning module Renderer (7)
[2018.04.03-04.51.30:512][ 81]LogModuleManager: Shutting down and abandoning module Engine (6)
[2018.04.03-04.51.30:513][ 81]LogModuleManager: Shutting down and abandoning module CoreUObject (5)
[2018.04.03-04.51.30:513][ 81]LogModuleManager: Shutting down and abandoning module NetworkFile (4)
[2018.04.03-04.51.30:513][ 81]LogModuleManager: Shutting down and abandoning module StreamingFile (3)
[2018.04.03-04.51.30:513][ 81]LogModuleManager: Shutting down and abandoning module SandboxFile (2)
[2018.04.03-04.51.30:513][ 81]LogModuleManager: Shutting down and abandoning module PakFile (1)
[2018.04.03-04.51.30:514][ 81]LogExit: Exiting.
[2018.04.03-04.51.30:516][ 81]Log file closed, 04/03/18 10:21:30
