Log file open, 09/16/16 13:04:01
LogInit:Display: Running engine for game: MyProject6
LogPlatformFile: Not using cached read wrapper
LogInit:Display: RandInit(1707089118) SRandInit(1707089119).
LogTaskGraph: Started task graph with 4 named threads and 7 total threads with 1 sets of task threads.
LogStats: Stats thread started at 0.069484
LogInit: Version: 4.12.3-3013449+++UE4+Release-4.12
LogInit: API Version: 2992821
LogInit: Net Version: 3013449
LogDevObjectVersion: Number of dev versions registered: 13
LogDevObjectVersion:   Dev-Blueprints (B0D832E4-1F89-4F0D-ACCF-7EB736FD4AA2): 3
LogDevObjectVersion:   Dev-Build (E1C64328-A22C-4D53-A36C-8E866417BD8C): 0
LogDevObjectVersion:   Dev-Core (375EC13C-06E4-48FB-B500-84F0262A717E): 1
LogDevObjectVersion:   Dev-Editor (E4B068ED-F494-42E9-A231-DA0B2E46BB41): 2
LogDevObjectVersion:   Dev-Framework (CFFC743F-43B0-4480-9391-14DF171D2073): 6
LogDevObjectVersion:   Dev-Mobile (B02B49B5-BB20-44E9-A304-32B752E40360): 0
LogDevObjectVersion:   Dev-Networking (A4E4105C-59A1-49B5-A7C5-40C4547EDFEE): 0
LogDevObjectVersion:   Dev-Online (39C831C9-5AE6-47DC-9A44-9C173E1C8E7C): 0
LogDevObjectVersion:   Dev-Physics (78F01B33-EBEA-4F98-B9B4-84EACCB95AA2): 0
LogDevObjectVersion:   Dev-Platform (6631380F-2D4D-43E0-8009-CF276956A95A): 0
LogDevObjectVersion:   Dev-Rendering (12F88B9F-8875-4AFC-A67C-D90C383ABD29): 2
LogDevObjectVersion:   Dev-Sequencer (7B5AE74C-D270-4C10-A958-57980B212A5A): 0
LogDevObjectVersion:   Dev-VR (D7296918-1DD6-4BDD-9DE2-64A83CC13884): 0
LogInit: Compiled (64-bit): Jun 14 2016 17:53:16
LogInit: Compiled with Visual C++: 19.00.23026.00
LogInit: Build Configuration: Development
LogInit: Branch Name: ++UE4+Release-4.12
LogInit: Command line:  -game
LogInit: Base directory: C:/Program Files (x86)/Epic Games/4.12/Engine/Binaries/Win64/
LogInit: Installed Engine Build: 1
LogInit: Using libcurl 7.41.0
LogInit:  - built for x86_64-pc-win32
LogInit:  - supports SSL with WinSSL
LogInit:  - other features:
LogInit:      CURL_VERSION_SSL
LogInit:      CURL_VERSION_IPV6
LogInit:      CURL_VERSION_ASYNCHDNS
LogInit:      CURL_VERSION_LARGEFILE
LogInit:      CURL_VERSION_IDN
LogInit:  CurlRequestOptions (configurable via config and command line):
LogInit:  - bVerifyPeer = true  - Libcurl will verify peer certificate
LogInit:  - bUseHttpProxy = false  - Libcurl will NOT use HTTP proxy
LogInit:  - bDontReuseConnections = false  - Libcurl will reuse connections
LogInit:  - CertBundlePath = nullptr  - Libcurl will use whatever was configured at build time.
LogInit: Presizing for max 8388607 objects, including 0 objects not considered by GC, pre-allocating 0 bytes for permanent pool.
LogInit: Object subsystem initialized
[2016.09.16-07.34.01:959][  0]LogInit: Selected Device Profile: [Windows]
[2016.09.16-07.34.01:959][  0]LogInit: Applying CVar settings loaded from the selected device profile: [Windows]
[2016.09.16-07.34.01:968][  0]LogInit: Computer: DESKTOP-C2I42L3
[2016.09.16-07.34.01:968][  0]LogInit: User: karanvenkatesh
[2016.09.16-07.34.01:968][  0]LogInit: CPU Page size=65536, Cores=4
[2016.09.16-07.34.01:968][  0]LogInit: High frequency timer resolution =3.914064 MHz
[2016.09.16-07.34.01:968][  0]LogMemory: Memory total: Physical=7.9GB (8GB approx)
[2016.09.16-07.34.01:968][  0]LogMemory: Platform Memory Stats for Windows
[2016.09.16-07.34.01:968][  0]LogMemory: Process Physical Memory: 190.33 MB used, 190.33 MB peak
[2016.09.16-07.34.01:968][  0]LogMemory: Process Virtual Memory: 195.17 MB used, 195.17 MB peak
[2016.09.16-07.34.01:968][  0]LogMemory: Physical Memory: 3403.79 MB used, 8106.51 MB total
[2016.09.16-07.34.01:968][  0]LogMemory: Virtual Memory: 540.10 MB used, 134217728.00 MB total
[2016.09.16-07.34.01:991][  0]LogTextLocalizationManager: No specific translations for ('en-GB') exist, so ('en') translations will be used.
[2016.09.16-07.34.02:266][  0]LogD3D11RHI: D3D11 adapters:
[2016.09.16-07.34.02:282][  0]LogD3D11RHI:    0. 'NVIDIA GeForce GTX 970' (Feature Level 11_0)
[2016.09.16-07.34.02:282][  0]LogD3D11RHI:       4008/0/4053 MB DedicatedVideo/DedicatedSystem/SharedSystem, Outputs:1, VendorId:0x10de
[2016.09.16-07.34.02:283][  0]LogD3D11RHI:    1. 'Microsoft Basic Render Driver' (Feature Level 11_0)
[2016.09.16-07.34.02:283][  0]LogD3D11RHI:       0/0/4053 MB DedicatedVideo/DedicatedSystem/SharedSystem, Outputs:0, VendorId:0x1414
[2016.09.16-07.34.02:283][  0]LogD3D11RHI: Chosen D3D11 Adapter: 0
[2016.09.16-07.34.02:285][  0]LogD3D11RHI: Creating new Direct3DDevice
[2016.09.16-07.34.02:285][  0]LogD3D11RHI:     GPU DeviceId: 0x13c2 (for the marketing name, search the web for "GPU Device Id")
[2016.09.16-07.34.02:285][  0]LogWindows: EnumDisplayDevices:
[2016.09.16-07.34.02:285][  0]LogWindows:    0. 'NVIDIA GeForce GTX 970' (P:1 D:1)
[2016.09.16-07.34.02:285][  0]LogWindows:    1. 'NVIDIA GeForce GTX 970' (P:0 D:0)
[2016.09.16-07.34.02:286][  0]LogWindows:    2. 'NVIDIA GeForce GTX 970' (P:0 D:0)
[2016.09.16-07.34.02:286][  0]LogWindows:    3. 'NVIDIA GeForce GTX 970' (P:0 D:0)
[2016.09.16-07.34.02:286][  0]LogWindows: DebugString: FoundDriverCount:4 
[2016.09.16-07.34.02:286][  0]LogD3D11RHI:     Adapter Name: NVIDIA GeForce GTX 970
[2016.09.16-07.34.02:286][  0]LogD3D11RHI:   Driver Version: 354.35 (internal:10.18.13.5435, unified:354.35)
[2016.09.16-07.34.02:286][  0]LogD3D11RHI:      Driver Date: 10-14-2015
[2016.09.16-07.34.02:286][  0]LogRHI: Texture pool is 1361 MB (70% of 1945 MB)
[2016.09.16-07.34.02:296][  0]LogD3D11RHI: Async texture creation enabled
[2016.09.16-07.34.02:311][  0]LogD3D11RHI: GPU Timing Frequency: 1000.000000 (Debug: 2 2)
[2016.09.16-07.34.02:311][  0]LogShaderCompilers: Guid format shader working directory is -27 characters bigger than the processId version (../../../../../../Users/karan venkatesh/Documents/Unreal Projects/MyProject6/Intermediate/Shaders/WorkingDirectory/5320/).
[2016.09.16-07.34.02:311][  0]LogShaderCompilers: Cleaned the shader compiler working directory 'C:/Users/KARANV~1/AppData/Local/Temp/UnrealShaderWorkingDir/2965418549058F96D8A01EADF8730956/'.
[2016.09.16-07.34.02:311][  0]LogShaderCompilers:Display: Using Local Shader Compiler.
[2016.09.16-07.34.02:980][  0]LogTemp:Display: Loaded TP WindowsClientTargetPlatform
[2016.09.16-07.34.02:988][  0]LogTemp:Display: Loaded TP WindowsNoEditorTargetPlatform
[2016.09.16-07.34.02:996][  0]LogTemp:Display: Loaded TP WindowsServerTargetPlatform
[2016.09.16-07.34.03:003][  0]LogTemp:Display: Loaded TP WindowsTargetPlatform
[2016.09.16-07.34.03:003][  0]LogTargetPlatformManager:Display: Building Assets For Windows
[2016.09.16-07.34.03:068][  0]LogDerivedDataCache:Display: Max Cache Size: 512 MB
[2016.09.16-07.34.03:109][  0]LogDerivedDataCache: Loaded boot cache 0.04s 48MB C:/Users/karan venkatesh/AppData/Local/UnrealEngine/4.12/DerivedDataCache/Boot.ddc.
[2016.09.16-07.34.03:109][  0]LogDerivedDataCache:Display: Loaded Boot cache: C:/Users/karan venkatesh/AppData/Local/UnrealEngine/4.12/DerivedDataCache/Boot.ddc
[2016.09.16-07.34.03:109][  0]LogDerivedDataCache: FDerivedDataBackendGraph:  Pak pak cache file ../../../../../../Users/karan venkatesh/Documents/Unreal Projects/MyProject6/DerivedDataCache/DDC.ddp not found, will not use a pak cache.
[2016.09.16-07.34.03:109][  0]LogDerivedDataCache: Unable to find inner node Pak for hierarchical cache Hierarchy.
[2016.09.16-07.34.03:109][  0]LogDerivedDataCache: FDerivedDataBackendGraph:  CompressedPak pak cache file ../../../../../../Users/karan venkatesh/Documents/Unreal Projects/MyProject6/DerivedDataCache/Compressed.ddp not found, will not use a pak cache.
[2016.09.16-07.34.03:109][  0]LogDerivedDataCache: Unable to find inner node CompressedPak for hierarchical cache Hierarchy.
[2016.09.16-07.34.03:122][  0]LogDerivedDataCache:Display: Pak cache opened for reading ../../../Engine/DerivedDataCache/Compressed.ddp.
[2016.09.16-07.34.03:134][  0]LogDerivedDataCache: Using Local data cache path C:/Users/karan venkatesh/AppData/Local/UnrealEngine/Common/DerivedDataCache: Writable
[2016.09.16-07.34.03:262][  0]LogAssetRegistry: FAssetRegistry took 0.0001 seconds to start up
[2016.09.16-07.34.03:281][  0]LogPackageLocalizationCache: Processed 3 localized package path(s) for 2 prioritized culture(s) in 0.018723 seconds
[2016.09.16-07.34.03:284][  0]LogInit: Selected Device Profile: [Windows]
[2016.09.16-07.34.03:284][  0]LogContentStreaming: Texture pool size is 1000.00 MB
[2016.09.16-07.34.03:389][  0]LogMeshUtilities: No automatic mesh reduction module available
[2016.09.16-07.34.03:389][  0]LogMeshUtilities: No automatic mesh merging module available
[2016.09.16-07.34.03:389][  0]LogMeshUtilities: No distributed automatic mesh merging module available
[2016.09.16-07.34.03:616][  0]LogInit: WinSock: version 1.1 (2.2), MaxSocks=32767, MaxUdp=65467
[2016.09.16-07.34.03:736][  0]LogSlate: SlateFontCache - WITH_FREETYPE: 1, WITH_HARFBUZZ: 1
[2016.09.16-07.34.03:736][  0]LogSlate: SlateFontCache - WITH_FREETYPE: 1, WITH_HARFBUZZ: 1
[2016.09.16-07.34.03:782][  0]LogMoviePlayer: Initializing movie player
[2016.09.16-07.34.03:858][  0]LogWindowsMoviePlayer: Unable to load movie: ../../../../../../Users/karan venkatesh/Documents/Unreal Projects/MyProject6/Content/Movies/Default_Startup.mp4
[2016.09.16-07.34.03:936][  0]SourceControl: Info Source control is disabled
[2016.09.16-07.34.03:936][  0]SourceControl: Info Source control is disabled
[2016.09.16-07.34.03:944][  0]SourceControl: Info Source control is disabled
[2016.09.16-07.34.04:041][  0]LogUObjectArray: 30985 objects as part of root set at end of initial load.
[2016.09.16-07.34.04:041][  0]LogUObjectAllocator: 6717240 out of 0 bytes used by permanent object pool.
[2016.09.16-07.34.04:041][  0]LogUObjectArray: CloseDisregardForGC: 0/0 objects in disregard for GC pool
[2016.09.16-07.34.04:081][  0]LogEngine: Initializing Engine...
[2016.09.16-07.34.04:081][  0]LogHMD: SteamVR failed to initialize.  Err: 110
[2016.09.16-07.34.04:082][  0]LogHMD: SteamVR failed to initialize.  Err: 110
[2016.09.16-07.34.04:173][  0]LogInit: XAudio2 using 'Speakers (Realtek High Definition Audio)' : 2 channels at 48 kHz using 32 bits per sample (channel mask 0x3)
[2016.09.16-07.34.04:206][  0]LogInit: FAudioDevice initialized.
[2016.09.16-07.34.04:229][  0]LogDerivedDataCache: Saved boot cache 0.02s 48MB C:/Users/karan venkatesh/AppData/Local/UnrealEngine/4.12/DerivedDataCache/Boot.ddc.
[2016.09.16-07.34.04:232][  0]LogInit: Texture streaming: Enabled
[2016.09.16-07.34.04:288][  0]LogNet: Browse: /Game/ThirdPersonBP/Maps/Level_1?Name=Player
[2016.09.16-07.34.04:288][  0]LogLoad: LoadMap: /Game/ThirdPersonBP/Maps/Level_1?Name=Player
[2016.09.16-07.34.04:300][  0]LogMemory: Platform Memory Stats for Windows
[2016.09.16-07.34.04:300][  0]LogMemory: Process Physical Memory: 540.01 MB used, 570.05 MB peak
[2016.09.16-07.34.04:300][  0]LogMemory: Process Virtual Memory: 594.23 MB used, 597.53 MB peak
[2016.09.16-07.34.04:300][  0]LogMemory: Physical Memory: 2638.02 MB used, 8106.51 MB total
[2016.09.16-07.34.04:300][  0]LogMemory: Virtual Memory: 1172.02 MB used, 134217728.00 MB total
[2016.09.16-07.34.04:300][  0]LogMemory: 
[2016.09.16-07.34.04:300][  0]Allocator Stats for TBB: (not implemented)
[2016.09.16-07.34.04:587][  0]LogAIModule: Creating AISystem for world Level_1
[2016.09.16-07.34.04:589][  0]LogWorld: Game class is 'ThirdPersonGameMode_C'
[2016.09.16-07.34.04:599][  0]LogWorld: Bringing World /Game/ThirdPersonBP/Maps/Level_1.Level_1 up for play (max tick rate 0) at 2016.09.16-13.04.04
[2016.09.16-07.34.04:600][  0]LogWorld: Bringing up level for play took: 0.009543
[2016.09.16-07.34.04:601][  0]LogLoad: Took 0.312598 seconds to LoadMap(/Game/ThirdPersonBP/Maps/Level_1)
[2016.09.16-07.34.04:601][  0]LogInit:Display: Game Engine Initialized.
[2016.09.16-07.34.04:823][  0]LogLoad: Full Startup: 3.52 seconds (BP compile: 0.06 seconds)
[2016.09.16-07.34.04:823][  0]LogExternalProfiler: No external profilers were discovered.  External profiling features will not be available.
[2016.09.16-07.34.04:840][  0]LogWindowsTextInputMethodSystem:Display: IME system now deactivated.
[2016.09.16-07.34.04:840][  0]LogOcInput: OculusInput pre-init called
[2016.09.16-07.34.04:887][  0]LogRenderer: Reallocating scene render targets to support 128x128 (Frame:1).
[2016.09.16-07.34.04:939][  1]LogRenderer: Reallocating scene render targets to support 1600x900 (Frame:2).
[2016.09.16-07.34.09:332][264]LogPackageName: SearchForPackageOnDisk took   0.058s to resolve Level_2.umap.
[2016.09.16-07.34.09:389][265]LogPackageName: SearchForPackageOnDisk took   0.055s to resolve Level_2.umap.
[2016.09.16-07.34.09:389][265]LogNet: Browse: /Game/ThirdPersonBP/Maps/Level_2
[2016.09.16-07.34.09:389][265]LogLoad: LoadMap: /Game/ThirdPersonBP/Maps/Level_2
[2016.09.16-07.34.09:416][265]LogMemory: Platform Memory Stats for Windows
[2016.09.16-07.34.09:416][265]LogMemory: Process Physical Memory: 653.34 MB used, 671.04 MB peak
[2016.09.16-07.34.09:416][265]LogMemory: Process Virtual Memory: 1064.15 MB used, 1094.47 MB peak
[2016.09.16-07.34.09:416][265]LogMemory: Physical Memory: 2677.11 MB used, 8106.51 MB total
[2016.09.16-07.34.09:416][265]LogMemory: Virtual Memory: 1747.10 MB used, 134217728.00 MB total
[2016.09.16-07.34.09:416][265]LogMemory: 
[2016.09.16-07.34.09:416][265]Allocator Stats for TBB: (not implemented)
[2016.09.16-07.34.09:677][265]LogTexture:Display: Building textures: HQ_Lightmap0_1 (AutoDXT)
[2016.09.16-07.34.09:828][265]LogTexture:Display: Building textures: HQ_Lightmap0_3 (AutoDXT)
[2016.09.16-07.34.10:004][265]LogTexture:Display: Building textures: HQ_Lightmap0_4 (AutoDXT)
[2016.09.16-07.34.10:019][265]LogTexture:Display: Building textures: HQ_Lightmap1_2 (AutoDXT)
[2016.09.16-07.34.10:228][265]LogAIModule: Creating AISystem for world Level_2
[2016.09.16-07.34.10:230][265]LogWorld: Game class is 'ThirdPersonGameMode_C'
[2016.09.16-07.34.10:237][265]LogWorld: Bringing World /Game/ThirdPersonBP/Maps/Level_2.Level_2 up for play (max tick rate 0) at 2016.09.16-13.04.10
[2016.09.16-07.34.10:238][265]LogWorld: Bringing up level for play took: 0.006822
[2016.09.16-07.34.10:238][265]LogLoad: Took 0.849245 seconds to LoadMap(/Game/ThirdPersonBP/Maps/Level_2)
[2016.09.16-07.34.16:455][646]LogPackageName: SearchForPackageOnDisk took   0.055s to resolve Level_3.umap.
[2016.09.16-07.34.16:512][647]LogPackageName: SearchForPackageOnDisk took   0.055s to resolve Level_3.umap.
[2016.09.16-07.34.16:512][647]LogNet: Browse: /Game/ThirdPersonBP/Maps/Level_3
[2016.09.16-07.34.16:512][647]LogLoad: LoadMap: /Game/ThirdPersonBP/Maps/Level_3
[2016.09.16-07.34.16:540][647]LogMemory: Platform Memory Stats for Windows
[2016.09.16-07.34.16:540][647]LogMemory: Process Physical Memory: 660.21 MB used, 713.80 MB peak
[2016.09.16-07.34.16:540][647]LogMemory: Process Virtual Memory: 1086.68 MB used, 1212.71 MB peak
[2016.09.16-07.34.16:540][647]LogMemory: Physical Memory: 2662.07 MB used, 8106.51 MB total
[2016.09.16-07.34.16:540][647]LogMemory: Virtual Memory: 1830.85 MB used, 134217728.00 MB total
[2016.09.16-07.34.16:540][647]LogMemory: 
[2016.09.16-07.34.16:540][647]Allocator Stats for TBB: (not implemented)
[2016.09.16-07.34.16:781][647]LogTexture:Display: Building textures: HQ_Lightmap0_3 (AutoDXT)
[2016.09.16-07.34.17:018][647]LogTexture:Display: Building textures: HQ_Lightmap0_4 (AutoDXT)
[2016.09.16-07.34.17:246][647]LogTexture:Display: Building textures: HQ_Lightmap1_1 (AutoDXT)
[2016.09.16-07.34.17:473][647]LogTexture:Display: Building textures: HQ_Lightmap1_2 (AutoDXT)
[2016.09.16-07.34.17:544][647]LogTexture:Display: Building textures: HQ_Lightmap1_5 (AutoDXT)
[2016.09.16-07.34.17:626][647]LogTexture:Display: Building textures: HQ_Lightmap1_6 (AutoDXT)
[2016.09.16-07.34.17:640][647]LogTexture:Display: Building textures: HQ_Lightmap1_7 (AutoDXT)
[2016.09.16-07.34.17:697][647]LogAIModule: Creating AISystem for world Level_3
[2016.09.16-07.34.17:699][647]LogWorld: Game class is 'ThirdPersonGameMode_C'
[2016.09.16-07.34.17:707][647]LogWorld: Bringing World /Game/ThirdPersonBP/Maps/Level_3.Level_3 up for play (max tick rate 0) at 2016.09.16-13.04.17
[2016.09.16-07.34.17:707][647]LogWorld: Bringing up level for play took: 0.007209
[2016.09.16-07.34.17:708][647]LogLoad: Took 1.195947 seconds to LoadMap(/Game/ThirdPersonBP/Maps/Level_3)
[2016.09.16-07.34.30:520][437]LogPackageName: SearchForPackageOnDisk took   0.055s to resolve Level_4.umap.
[2016.09.16-07.34.30:576][438]LogPackageName: SearchForPackageOnDisk took   0.055s to resolve Level_4.umap.
[2016.09.16-07.34.30:576][438]LogNet: Browse: /Game/ThirdPersonBP/Maps/Level_4
[2016.09.16-07.34.30:577][438]LogLoad: LoadMap: /Game/ThirdPersonBP/Maps/Level_4
[2016.09.16-07.34.30:606][438]LogMemory: Platform Memory Stats for Windows
[2016.09.16-07.34.30:606][438]LogMemory: Process Physical Memory: 696.27 MB used, 730.70 MB peak
[2016.09.16-07.34.30:606][438]LogMemory: Process Virtual Memory: 1137.54 MB used, 1212.71 MB peak
[2016.09.16-07.34.30:606][438]LogMemory: Physical Memory: 2682.27 MB used, 8106.51 MB total
[2016.09.16-07.34.30:606][438]LogMemory: Virtual Memory: 1861.66 MB used, 134217728.00 MB total
[2016.09.16-07.34.30:606][438]LogMemory: 
[2016.09.16-07.34.30:606][438]Allocator Stats for TBB: (not implemented)
[2016.09.16-07.34.30:881][438]LogAIModule: Creating AISystem for world Level_4
[2016.09.16-07.34.30:883][438]LogWorld: Game class is 'ThirdPersonGameMode_C'
[2016.09.16-07.34.30:890][438]LogWorld: Bringing World /Game/ThirdPersonBP/Maps/Level_4.Level_4 up for play (max tick rate 0) at 2016.09.16-13.04.30
[2016.09.16-07.34.30:891][438]LogWorld: Bringing up level for play took: 0.007129
[2016.09.16-07.34.30:891][438]LogLoad: Took 0.314781 seconds to LoadMap(/Game/ThirdPersonBP/Maps/Level_4)
[2016.09.16-07.34.43:491][214]LogPackageName: SearchForPackageOnDisk took   0.055s to resolve Level_5.umap.
[2016.09.16-07.34.43:547][215]LogPackageName: SearchForPackageOnDisk took   0.055s to resolve Level_5.umap.
[2016.09.16-07.34.43:547][215]LogNet: Browse: /Game/ThirdPersonBP/Maps/Level_5
[2016.09.16-07.34.43:547][215]LogLoad: LoadMap: /Game/ThirdPersonBP/Maps/Level_5
[2016.09.16-07.34.43:575][215]LogMemory: Platform Memory Stats for Windows
[2016.09.16-07.34.43:575][215]LogMemory: Process Physical Memory: 667.95 MB used, 730.70 MB peak
[2016.09.16-07.34.43:575][215]LogMemory: Process Virtual Memory: 1094.60 MB used, 1238.36 MB peak
[2016.09.16-07.34.43:575][215]LogMemory: Physical Memory: 2647.19 MB used, 8106.51 MB total
[2016.09.16-07.34.43:575][215]LogMemory: Virtual Memory: 1876.66 MB used, 134217728.00 MB total
[2016.09.16-07.34.43:575][215]LogMemory: 
[2016.09.16-07.34.43:575][215]Allocator Stats for TBB: (not implemented)
[2016.09.16-07.34.43:874][215]LogTexture:Display: Building textures: HQ_Lightmap0_1 (AutoDXT)
[2016.09.16-07.34.44:022][215]LogTexture:Display: Building textures: HQ_Lightmap0_2 (AutoDXT)
[2016.09.16-07.34.44:232][215]LogTexture:Display: Building textures: HQ_Lightmap0_5 (AutoDXT)
[2016.09.16-07.34.44:243][215]LogTexture:Display: Building textures: HQ_Lightmap1_3 (AutoDXT)
[2016.09.16-07.34.44:355][215]LogTexture:Display: Building textures: HQ_Lightmap1_4 (AutoDXT)
[2016.09.16-07.34.44:506][215]LogAIModule: Creating AISystem for world Level_5
[2016.09.16-07.34.44:508][215]LogWorld: Game class is 'ThirdPersonGameMode_C'
[2016.09.16-07.34.44:516][215]LogWorld: Bringing World /Game/ThirdPersonBP/Maps/Level_5.Level_5 up for play (max tick rate 0) at 2016.09.16-13.04.44
[2016.09.16-07.34.44:516][215]LogWorld: Bringing up level for play took: 0.007336
[2016.09.16-07.34.44:518][215]LogLoad: Took 0.971522 seconds to LoadMap(/Game/ThirdPersonBP/Maps/Level_5)
[2016.09.16-07.35.01:971][295]LogBlueprintUserMessages: [Extending_Finish_322] Winner!
[2016.09.16-07.35.02:681][339]LogBlueprintUserMessages: [Extending_Finish_322] Winner!
[2016.09.16-07.35.05:051][486]Set new viewmode: ShaderComplexity
[2016.09.16-07.35.05:350][500]LogWindowsTextInputMethodSystem:Display: IME system now deactivated.
[2016.09.16-07.35.05:353][500]LogEngine: All Windows Closed
[2016.09.16-07.35.05:353][500]LogWindows: FPlatformMisc::RequestExit(0)
[2016.09.16-07.35.05:353][501]LogMoviePlayer: Shutting down movie player
[2016.09.16-07.35.06:121][501]LogExit: Preparing to exit.
[2016.09.16-07.35.06:178][501]LogExit: Game engine shut down
[2016.09.16-07.35.06:246][501]LogObj: Freed 0b from 0 cluster array pools.
[2016.09.16-07.35.06:246][501]LogExit: Object subsystem successfully closed.
[2016.09.16-07.35.06:254][501]LogD3D11RHI: Shutdown
[2016.09.16-07.35.06:255][501]LogD3D11RHI: CleanupD3DDevice
[2016.09.16-07.35.06:282][501]LogD3D11RHI: ~FD3D11DynamicRHI
[2016.09.16-07.35.06:288][501]LogModuleManager: Shutting down and abandoning module SequenceRecorderSections (112)
[2016.09.16-07.35.06:288][501]LogModuleManager: Shutting down and abandoning module SequenceRecorder (111)
[2016.09.16-07.35.06:288][501]LogModuleManager: Shutting down and abandoning module AutomationController (110)
[2016.09.16-07.35.06:288][501]LogModuleManager: Shutting down and abandoning module AutomationWorker (109)
[2016.09.16-07.35.06:288][501]LogModuleManager: Shutting down and abandoning module CharacterAI (108)
[2016.09.16-07.35.06:288][501]LogModuleManager: Shutting down and abandoning module SessionServices (107)
[2016.09.16-07.35.06:288][501]LogModuleManager: Shutting down and abandoning module GameplayDebugger (106)
[2016.09.16-07.35.06:288][501]LogModuleManager: Shutting down and abandoning module AITestSuite (105)
[2016.09.16-07.35.06:288][501]LogModuleManager: Shutting down and abandoning module AIModule (104)
[2016.09.16-07.35.06:288][501]LogModuleManager: Shutting down and abandoning module MovieSceneCapture (103)
[2016.09.16-07.35.06:288][501]LogModuleManager: Shutting down and abandoning module StreamingPauseRendering (102)
[2016.09.16-07.35.06:288][501]LogModuleManager: Shutting down and abandoning module PortalServices (101)
[2016.09.16-07.35.06:288][501]LogModuleManager: Shutting down and abandoning module PortalRpc (100)
[2016.09.16-07.35.06:288][501]LogModuleManager: Shutting down and abandoning module MessagingRpc (99)
[2016.09.16-07.35.06:288][501]LogModuleManager: Shutting down and abandoning module ProfilerService (98)
[2016.09.16-07.35.06:358][501]LogModuleManager: Shutting down and abandoning module TaskGraph (97)
[2016.09.16-07.35.06:358][501]LogModuleManager: Shutting down and abandoning module SlateRemote (96)
[2016.09.16-07.35.06:358][501]LogModuleManager: Shutting down and abandoning module SteamVRController (95)
[2016.09.16-07.35.06:358][501]LogModuleManager: Shutting down and abandoning module SteamVR (94)
[2016.09.16-07.35.06:358][501]LogModuleManager: Shutting down and abandoning module ProceduralMeshComponent (93)
[2016.09.16-07.35.06:358][501]LogModuleManager: Shutting down and abandoning module OculusLibrary (92)
[2016.09.16-07.35.06:358][501]LogModuleManager: Shutting down and abandoning module OculusInput (91)
[2016.09.16-07.35.06:358][501]LogModuleManager: Shutting down and abandoning module CustomMeshComponent (90)
[2016.09.16-07.35.06:358][501]LogModuleManager: Shutting down and abandoning module CableComponent (89)
[2016.09.16-07.35.06:358][501]LogModuleManager: Shutting down and abandoning module ArchVisCharacter (88)
[2016.09.16-07.35.06:358][501]LogModuleManager: Shutting down and abandoning module HTML5Networking (87)
[2016.09.16-07.35.06:358][501]LogModuleManager: Shutting down and abandoning module DesktopPlatform (86)
[2016.09.16-07.35.06:358][501]LogModuleManager: Shutting down and abandoning module DirectoryWatcher (85)
[2016.09.16-07.35.06:358][501]LogModuleManager: Shutting down and abandoning module HotReload (84)
[2016.09.16-07.35.06:358][501]LogModuleManager: Shutting down and abandoning module VisualStudioSourceCodeAccess (83)
[2016.09.16-07.35.06:358][501]LogModuleManager: Shutting down and abandoning module UObjectPlugin (82)
[2016.09.16-07.35.06:358][501]LogModuleManager: Shutting down and abandoning module SubversionSourceControl (81)
[2016.09.16-07.35.06:358][501]LogModuleManager: Shutting down and abandoning module SourceControl (80)
[2016.09.16-07.35.06:358][501]LogModuleManager: Shutting down and abandoning module PerforceSourceControl (79)
[2016.09.16-07.35.06:358][501]LogModuleManager: Shutting down and abandoning module UdpMessaging (78)
[2016.09.16-07.35.06:358][501]LogModuleManager: Shutting down and abandoning module LightPropagationVolumeRuntime (77)
[2016.09.16-07.35.06:358][501]LogModuleManager: Shutting down and abandoning module Paper2D (76)
[2016.09.16-07.35.06:358][501]LogModuleManager: Shutting down and abandoning module WindowsMoviePlayer (75)
[2016.09.16-07.35.06:358][501]LogModuleManager: Shutting down and abandoning module Media (74)
[2016.09.16-07.35.06:358][501]LogModuleManager: Shutting down and abandoning module WmfMedia (73)
[2016.09.16-07.35.06:360][501]LogModuleManager: Shutting down and abandoning module MediaAssets (72)
[2016.09.16-07.35.06:360][501]LogModuleManager: Shutting down and abandoning module GameLiveStreaming (71)
[2016.09.16-07.35.06:360][501]LogModuleManager: Shutting down and abandoning module GameplayTagsEditor (70)
[2016.09.16-07.35.06:360][501]LogModuleManager: Shutting down and abandoning module OnlineBlueprintSupport (69)
[2016.09.16-07.35.06:360][501]LogModuleManager: Shutting down and abandoning module VREditor (68)
[2016.09.16-07.35.06:360][501]LogModuleManager: Shutting down and abandoning module GameplayTasksEditor (67)
[2016.09.16-07.35.06:360][501]LogModuleManager: Shutting down and abandoning module PropertyEditor (66)
[2016.09.16-07.35.06:360][501]LogModuleManager: Shutting down and abandoning module BehaviorTreeEditor (65)
[2016.09.16-07.35.06:360][501]LogModuleManager: Shutting down and abandoning module FunctionalTesting (64)
[2016.09.16-07.35.06:360][501]LogModuleManager: Shutting down and abandoning module CollisionAnalyzer (63)
[2016.09.16-07.35.06:360][501]LogModuleManager: Shutting down and abandoning module Sequencer (62)
[2016.09.16-07.35.06:360][501]LogModuleManager: Shutting down and abandoning module WorkspaceMenuStructure (61)
[2016.09.16-07.35.06:360][501]LogModuleManager: Shutting down and abandoning module MessageLog (60)
[2016.09.16-07.35.06:360][501]LogModuleManager: Shutting down and abandoning module AssetTools (59)
[2016.09.16-07.35.06:360][501]LogModuleManager: Shutting down and abandoning module UMGEditor (58)
[2016.09.16-07.35.06:360][501]LogModuleManager: Shutting down and abandoning module UMG (57)
[2016.09.16-07.35.06:360][501]LogModuleManager: Shutting down and abandoning module SlateReflector (56)
[2016.09.16-07.35.06:360][501]LogModuleManager: Shutting down and abandoning module Slate (55)
[2016.09.16-07.35.06:360][501]LogModuleManager: Shutting down and abandoning module EditorStyle (54)
[2016.09.16-07.35.06:362][501]LogModuleManager: Shutting down and abandoning module Messaging (53)
[2016.09.16-07.35.06:362][501]LogModuleManager: Shutting down and abandoning module SourceCodeAccess (52)
[2016.09.16-07.35.06:362][501]LogModuleManager: Shutting down and abandoning module HeadMountedDisplay (51)
[2016.09.16-07.35.06:362][501]LogModuleManager: Shutting down and abandoning module XAudio2 (50)
[2016.09.16-07.35.06:362][501]LogModuleManager: Shutting down and abandoning module Networking (48)
[2016.09.16-07.35.06:362][501]LogModuleManager: Shutting down and abandoning module Core (47)
[2016.09.16-07.35.06:362][501]LogModuleManager: Shutting down and abandoning module KismetCompiler (46)
[2016.09.16-07.35.06:362][501]LogModuleManager: Shutting down and abandoning module PhysXFormats (45)
[2016.09.16-07.35.06:362][501]LogModuleManager: Shutting down and abandoning module MeshUtilities (44)
[2016.09.16-07.35.06:362][501]LogModuleManager: Shutting down and abandoning module AssetRegistry (43)
[2016.09.16-07.35.06:362][501]LogModuleManager: Shutting down and abandoning module DerivedDataCache (42)
[2016.09.16-07.35.06:660][501]LogDerivedDataCache: Shutdown
[2016.09.16-07.35.06:660][501]LogModuleManager: Shutting down and abandoning module VulkanShaderFormat (41)
[2016.09.16-07.35.06:660][501]LogModuleManager: Shutting down and abandoning module ShaderFormatOpenGL (40)
[2016.09.16-07.35.06:660][501]LogModuleManager: Shutting down and abandoning module ShaderFormatD3D (39)
[2016.09.16-07.35.06:660][501]LogModuleManager: Shutting down and abandoning module MetalShaderFormat (38)
[2016.09.16-07.35.06:660][501]LogModuleManager: Shutting down and abandoning module TextureFormatUncompressed (37)
[2016.09.16-07.35.06:660][501]LogModuleManager: Shutting down and abandoning module TextureFormatPVR (36)
[2016.09.16-07.35.06:660][501]LogModuleManager: Shutting down and abandoning module TextureFormatIntelISPCTexComp (35)
[2016.09.16-07.35.06:660][501]LogModuleManager: Shutting down and abandoning module TextureFormatDXT (34)
[2016.09.16-07.35.06:660][501]LogModuleManager: Shutting down and abandoning module ImageWrapper (33)
[2016.09.16-07.35.06:660][501]LogModuleManager: Shutting down and abandoning module TextureFormatASTC (32)
[2016.09.16-07.35.06:660][501]LogModuleManager: Shutting down and abandoning module TextureFormatAndroid (31)
[2016.09.16-07.35.06:660][501]LogModuleManager: Shutting down and abandoning module AudioFormatOpus (30)
[2016.09.16-07.35.06:660][501]LogModuleManager: Shutting down and abandoning module AudioFormatOgg (29)
[2016.09.16-07.35.06:660][501]LogModuleManager: Shutting down and abandoning module AudioFormatADPCM (28)
[2016.09.16-07.35.06:660][501]LogModuleManager: Shutting down and abandoning module WindowsTargetPlatform (27)
[2016.09.16-07.35.06:660][501]LogModuleManager: Shutting down and abandoning module WindowsServerTargetPlatform (26)
[2016.09.16-07.35.06:660][501]LogModuleManager: Shutting down and abandoning module WindowsNoEditorTargetPlatform (25)
[2016.09.16-07.35.06:660][501]LogModuleManager: Shutting down and abandoning module WindowsClientTargetPlatform (24)
[2016.09.16-07.35.06:660][501]LogModuleManager: Shutting down and abandoning module TargetPlatform (23)
[2016.09.16-07.35.06:660][501]LogModuleManager: Shutting down and abandoning module InputCore (22)
[2016.09.16-07.35.06:660][501]LogModuleManager: Shutting down and abandoning module Settings (21)
[2016.09.16-07.35.06:660][501]LogModuleManager: Shutting down and abandoning module OnlineSubsystem (19)
[2016.09.16-07.35.06:660][501]LogModuleManager: Shutting down and abandoning module HTTP (18)
[2016.09.16-07.35.06:660][501]LogModuleManager: Shutting down and abandoning module XMPP (17)
[2016.09.16-07.35.06:660][501]LogModuleManager: Shutting down and abandoning module OculusRift (16)
[2016.09.16-07.35.06:660][501]LogModuleManager: Shutting down and abandoning module ExampleDeviceProfileSelector (15)
[2016.09.16-07.35.06:660][501]LogModuleManager: Shutting down and abandoning module TextureCompressor (14)
[2016.09.16-07.35.06:660][501]LogModuleManager: Shutting down and abandoning module ShaderCore (13)
[2016.09.16-07.35.06:660][501]LogModuleManager: Shutting down and abandoning module Landscape (12)
[2016.09.16-07.35.06:660][501]LogModuleManager: Shutting down and abandoning module SlateRHIRenderer (11)
[2016.09.16-07.35.06:660][501]LogModuleManager: Shutting down and abandoning module OpenGLDrv (10)
[2016.09.16-07.35.06:660][501]LogModuleManager: Shutting down and abandoning module D3D11RHI (9)
[2016.09.16-07.35.06:660][501]LogModuleManager: Shutting down and abandoning module AnimGraphRuntime (8)
[2016.09.16-07.35.06:660][501]LogModuleManager: Shutting down and abandoning module Renderer (7)
[2016.09.16-07.35.06:660][501]LogModuleManager: Shutting down and abandoning module Engine (6)
[2016.09.16-07.35.06:660][501]LogModuleManager: Shutting down and abandoning module CoreUObject (5)
[2016.09.16-07.35.06:660][501]LogModuleManager: Shutting down and abandoning module NetworkFile (4)
[2016.09.16-07.35.06:660][501]LogModuleManager: Shutting down and abandoning module StreamingFile (3)
[2016.09.16-07.35.06:660][501]LogModuleManager: Shutting down and abandoning module SandboxFile (2)
[2016.09.16-07.35.06:660][501]LogModuleManager: Shutting down and abandoning module PakFile (1)
[2016.09.16-07.35.06:661][501]LogExit: Exiting.
[2016.09.16-07.35.06:662][501]Log file closed, 09/16/16 13:05:06
